<?xml version="1.0" encoding="UTF-8" ?>
<testsuite 
errors="0" failures="0" hostname="celery-3.local" name="akka.cluster.ClusterSpec" tests="8" time="0.16" timestamp="2014-10-30T22:05:51">
  <properties>
[...]
</properties>
  <testcase 
  name="A Cluster must use the address of the remote transport" classname="akka.cluster.ClusterSpec" time="0.0">
</testcase>
  <testcase 
  name="A Cluster must register jmx mbean" classname="akka.cluster.ClusterSpec" time="0.003">
</testcase>
  <testcase 
  name="A Cluster must initially become singleton cluster when joining itself and reach convergence" classname="akka.cluster.ClusterSpec" time="0.12">
</testcase>
  <testcase 
  name="A Cluster must publish inital state as snapshot to subscribers" classname="akka.cluster.ClusterSpec" time="0.002">
</testcase>
  <testcase 
  name="A Cluster must publish inital state as events to subscribers" classname="akka.cluster.ClusterSpec" time="0.002">
</testcase>
  <testcase 
  name="A Cluster must publish CurrentClusterState to subscribers when requested" classname="akka.cluster.ClusterSpec" time="0.005">
</testcase>
  <testcase 
  name="A Cluster must send CurrentClusterState to one receiver when requested" classname="akka.cluster.ClusterSpec" time="0.001">
</testcase>
  <testcase 
  name="A Cluster must publish MemberRemoved when shutdown" classname="akka.cluster.ClusterSpec" time="0.009">
</testcase>
  <system-out><![CDATA[]]></system-out>
  <system-err><![CDATA[]]></system-err>
</testsuite>
