<?xml version="1.0" encoding="UTF-8" ?>
<testsuite 
errors="0" failures="0" hostname="celery-3.local" name="akka.cluster.ReachabilityPerfSpec" tests="11" time="40.468" timestamp="2014-10-30T22:05:07">
  <properties>
[...]
</properties>
  <testcase 
  name="Reachability of size 250 must do a warm up run, 10000 times" classname="akka.cluster.ReachabilityPerfSpec" time="1.087">
</testcase>
  <testcase 
  name="Reachability of size 250 must merge with same versions, 10000 times" classname="akka.cluster.ReachabilityPerfSpec" time="0.482">
</testcase>
  <testcase 
  name="Reachability of size 250 must merge with all older versions, 10000 times" classname="akka.cluster.ReachabilityPerfSpec" time="0.624">
</testcase>
  <testcase 
  name="Reachability of size 250 must merge with all newer versions, 10000 times" classname="akka.cluster.ReachabilityPerfSpec" time="0.927">
</testcase>
  <testcase 
  name="Reachability of size 250 must merge with half nodes unreachable, 10000 times" classname="akka.cluster.ReachabilityPerfSpec" time="6.762">
</testcase>
  <testcase 
  name="Reachability of size 250 must merge with half nodes unreachable opposite 10000 times" classname="akka.cluster.ReachabilityPerfSpec" time="6.477">
</testcase>
  <testcase 
  name="Reachability of size 250 must check status with half nodes unreachable, 10000 times" classname="akka.cluster.ReachabilityPerfSpec" time="4.575">
</testcase>
  <testcase 
  name="Reachability of size 250 must check aggregated reachability status with half nodes unreachable, 10000 times" classname="akka.cluster.ReachabilityPerfSpec" time="4.613">
</testcase>
  <testcase 
  name="Reachability of size 250 must get allUnreachableOrTerminated with half nodes unreachable, 10000 times" classname="akka.cluster.ReachabilityPerfSpec" time="4.643">
</testcase>
  <testcase 
  name="Reachability of size 250 must get allUnreachable with half nodes unreachable, 10000 times" classname="akka.cluster.ReachabilityPerfSpec" time="4.663">
</testcase>
  <testcase 
  name="Reachability of size 250 must get recordsFrom with half nodes unreachable, 10000 times" classname="akka.cluster.ReachabilityPerfSpec" time="5.611">
</testcase>
  <system-out><![CDATA[]]></system-out>
  <system-err><![CDATA[]]></system-err>
</testsuite>
