<?xml version="1.0" encoding="UTF-8" ?>
<testsuite 
errors="0" failures="1" hostname="celery.local" name="hello.MySpec" tests="3" time="0.152" timestamp="2016-04-10T20:12:42">
  <properties>
[...]
</properties>
  <testcase name="bob" classname="hello.MySpec" time="0.05">
    <failure 
    message="hje" type="class org.scalatest.exceptions.TestFailedException">
      org.scalatest.exceptions.TestFailedException: hje
      at org.scalatest.Assertions$class.newAssertionFailedException(Assertions.scala:495)
      at org.scalatest.FunSuite.newAssertionFailedException(FunSuite.scala:1555)
      at org.scalatest.Assertions$class.fail(Assertions.scala:1328)
      at org.scalatest.FunSuite.fail(FunSuite.scala:1555)
      at hello.MySpec$$anonfun$3.apply(MySpec.scala:8)
      at hello.MySpec$$anonfun$3.apply(MySpec.scala:8)
      at org.scalatest.Transformer$$anonfun$apply$1.apply$mcV$sp(Transformer.scala:22)
      at org.scalatest.OutcomeOf$class.outcomeOf(OutcomeOf.scala:85)
      at org.scalatest.OutcomeOf$.outcomeOf(OutcomeOf.scala:104)
      at org.scalatest.Transformer.apply(Transformer.scala:22)
      at org.scalatest.Transformer.apply(Transformer.scala:20)
      at org.scalatest.FunSuiteLike$$anon$1.apply(FunSuiteLike.scala:166)
      at org.scalatest.Suite$class.withFixture(Suite.scala:1122)
      at org.scalatest.FunSuite.withFixture(FunSuite.scala:1555)
      at org.scalatest.FunSuiteLike$class.invokeWithFixture$1(FunSuiteLike.scala:163)
      at org.scalatest.FunSuiteLike$$anonfun$runTest$1.apply(FunSuiteLike.scala:175)
      at org.scalatest.FunSuiteLike$$anonfun$runTest$1.apply(FunSuiteLike.scala:175)
      at org.scalatest.SuperEngine.runTestImpl(Engine.scala:306)
      at org.scalatest.FunSuiteLike$class.runTest(FunSuiteLike.scala:175)
      at org.scalatest.FunSuite.runTest(FunSuite.scala:1555)
      at org.scalatest.FunSuiteLike$$anonfun$runTests$1.apply(FunSuiteLike.scala:208)
      at org.scalatest.FunSuiteLike$$anonfun$runTests$1.apply(FunSuiteLike.scala:208)
      at org.scalatest.SuperEngine$$anonfun$traverseSubNodes$1$1.apply(Engine.scala:413)
      at org.scalatest.SuperEngine$$anonfun$traverseSubNodes$1$1.apply(Engine.scala:401)
      at scala.collection.immutable.List.foreach(List.scala:381)
      at org.scalatest.SuperEngine.traverseSubNodes$1(Engine.scala:401)
      at org.scalatest.SuperEngine.org$scalatest$SuperEngine$$runTestsInBranch(Engine.scala:396)
      at org.scalatest.SuperEngine.runTestsImpl(Engine.scala:483)
      at org.scalatest.FunSuiteLike$class.runTests(FunSuiteLike.scala:208)
      at org.scalatest.FunSuite.runTests(FunSuite.scala:1555)
      at org.scalatest.Suite$class.run(Suite.scala:1424)
      at org.scalatest.FunSuite.org$scalatest$FunSuiteLike$$super$run(FunSuite.scala:1555)
      at org.scalatest.FunSuiteLike$$anonfun$run$1.apply(FunSuiteLike.scala:212)
      at org.scalatest.FunSuiteLike$$anonfun$run$1.apply(FunSuiteLike.scala:212)
      at org.scalatest.SuperEngine.runImpl(Engine.scala:545)
      at org.scalatest.FunSuiteLike$class.run(FunSuiteLike.scala:212)
      at org.scalatest.FunSuite.run(FunSuite.scala:1555)
      at org.scalatest.tools.SuiteRunner.run(SuiteRunner.scala:55)
      at java.util.concurrent.Executors$RunnableAdapter.call(Executors.java:511)
      at java.util.concurrent.FutureTask.run(FutureTask.java:266)
      at java.util.concurrent.ThreadPoolExecutor.runWorker(ThreadPoolExecutor.java:1142)
      at java.util.concurrent.ThreadPoolExecutor$Worker.run(ThreadPoolExecutor.java:617)
      at java.lang.Thread.run(Thread.java:745)
</failure>
  </testcase>
  <testcase name="rita" classname="hello.MySpec" time="0.0">
    <skipped/>
  </testcase>
  <testcase name="sue" classname="hello.MySpec" time="0.008"> </testcase>
  <system-out><![CDATA[]]></system-out>
  <system-err><![CDATA[]]></system-err>
</testsuite>
